<?xml version="1.0" encoding="UTF-8"?>
<testsuite name="org.springframework.context.index.processor.CandidateComponentsIndexerTests" tests="25" skipped="0" failures="0" errors="0" timestamp="2022-07-19T10:50:40" hostname="PACHIRA_DYH" time="38.907">
  <properties/>
  <testcase name="persistenceEmbeddable()" classname="org.springframework.context.index.processor.CandidateComponentsIndexerTests" time="6.527"/>
  <testcase name="stereotypeService()" classname="org.springframework.context.index.processor.CandidateComponentsIndexerTests" time="1.829"/>
  <testcase name="cdiNamed()" classname="org.springframework.context.index.processor.CandidateComponentsIndexerTests" time="1.481"/>
  <testcase name="typeStereotypeFromInterfaceFromSuperClass()" classname="org.springframework.context.index.processor.CandidateComponentsIndexerTests" time="1.239"/>
  <testcase name="typeStereotypeOnIndexedInterface()" classname="org.springframework.context.index.processor.CandidateComponentsIndexerTests" time="1.009"/>
  <testcase name="stereotypeRepository()" classname="org.springframework.context.index.processor.CandidateComponentsIndexerTests" time="1.245"/>
  <testcase name="stereotypeControllerMetaAnnotation()" classname="org.springframework.context.index.processor.CandidateComponentsIndexerTests" time="1.753"/>
  <testcase name="embeddedNonStaticCandidateAreIgnored()" classname="org.springframework.context.index.processor.CandidateComponentsIndexerTests" time="1.689"/>
  <testcase name="noAnnotation()" classname="org.springframework.context.index.processor.CandidateComponentsIndexerTests" time="2.949"/>
  <testcase name="typeStereotypeFromMetaInterface()" classname="org.springframework.context.index.processor.CandidateComponentsIndexerTests" time="0.975"/>
  <testcase name="stereotypeOnAbstractClass()" classname="org.springframework.context.index.processor.CandidateComponentsIndexerTests" time="0.909"/>
  <testcase name="typeStereotypeFromSeveralInterfaces()" classname="org.springframework.context.index.processor.CandidateComponentsIndexerTests" time="1.045"/>
  <testcase name="typeStereotypeOnInterfaceFromSeveralInterfaces()" classname="org.springframework.context.index.processor.CandidateComponentsIndexerTests" time="0.96"/>
  <testcase name="cdiManagedBean()" classname="org.springframework.context.index.processor.CandidateComponentsIndexerTests" time="1.13"/>
  <testcase name="embeddedCandidatesAreDetected()" classname="org.springframework.context.index.processor.CandidateComponentsIndexerTests" time="1.084"/>
  <testcase name="stereotypeControllerMetaIndex()" classname="org.springframework.context.index.processor.CandidateComponentsIndexerTests" time="2.099"/>
  <testcase name="persistenceEntity()" classname="org.springframework.context.index.processor.CandidateComponentsIndexerTests" time="1.097"/>
  <testcase name="packageInfo()" classname="org.springframework.context.index.processor.CandidateComponentsIndexerTests" time="0.944"/>
  <testcase name="persistenceConverter()" classname="org.springframework.context.index.processor.CandidateComponentsIndexerTests" time="1.003"/>
  <testcase name="typeStereotypeOnInterface()" classname="org.springframework.context.index.processor.CandidateComponentsIndexerTests" time="1.816"/>
  <testcase name="cdiTransactional()" classname="org.springframework.context.index.processor.CandidateComponentsIndexerTests" time="1.234"/>
  <testcase name="persistenceMappedSuperClass()" classname="org.springframework.context.index.processor.CandidateComponentsIndexerTests" time="1.134"/>
  <testcase name="stereotypeController()" classname="org.springframework.context.index.processor.CandidateComponentsIndexerTests" time="1.163"/>
  <testcase name="noCandidate()" classname="org.springframework.context.index.processor.CandidateComponentsIndexerTests" time="1.297"/>
  <testcase name="stereotypeComponent()" classname="org.springframework.context.index.processor.CandidateComponentsIndexerTests" time="1.215"/>
  <system-out><![CDATA[]]></system-out>
  <system-err><![CDATA[警告: 未知的枚举常量 Status.STABLE
  原因: 找不到org.apiguardian.api.API$Status的类文件
警告: 未知的枚举常量 Status.STABLE
警告: 未知的枚举常量 Status.EXPERIMENTAL
警告: 未知的枚举常量 Status.STABLE
  原因: 找不到org.apiguardian.api.API$Status的类文件
警告: 未知的枚举常量 Status.STABLE
警告: 未知的枚举常量 Status.EXPERIMENTAL
警告: 未知的枚举常量 Status.STABLE
  原因: 找不到org.apiguardian.api.API$Status的类文件
警告: 未知的枚举常量 Status.STABLE
警告: 未知的枚举常量 Status.EXPERIMENTAL
9 个警告
]]></system-err>
</testsuite>
