<?xml version="1.0" encoding="UTF-8"?>
<testsuite name="org.springframework.cache.jcache.interceptor.CacheRemoveOperationTests" tests="2" skipped="0" failures="0" errors="0" timestamp="2022-07-19T10:52:07" hostname="PACHIRA_DYH" time="0.005">
  <properties/>
  <testcase name="simple()" classname="org.springframework.cache.jcache.interceptor.CacheRemoveOperationTests" time="0.001"/>
  <testcase name="simpleRemove()" classname="org.springframework.cache.jcache.interceptor.CacheRemoveOperationTests" time="0.003"/>
  <system-out><![CDATA[]]></system-out>
  <system-err><![CDATA[]]></system-err>
</testsuite>
