<?xml version="1.0" encoding="UTF-8"?>
<testsuite name="org.springframework.cache.caffeine.CaffeineCacheManagerTests" tests="9" skipped="0" failures="0" errors="0" timestamp="2022-07-19T10:51:47" hostname="PACHIRA_DYH" time="4.128">
  <properties/>
  <testcase name="customCacheRegistration()" classname="org.springframework.cache.caffeine.CaffeineCacheManagerTests" time="1.118"/>
  <testcase name="changeCacheLoaderRecreateCache()" classname="org.springframework.cache.caffeine.CaffeineCacheManagerTests" time="2.946"/>
  <testcase name="changeCacheSpecificationRecreateCache()" classname="org.springframework.cache.caffeine.CaffeineCacheManagerTests" time="0.007"/>
  <testcase name="setCacheNameNullRestoreDynamicMode()" classname="org.springframework.cache.caffeine.CaffeineCacheManagerTests" time="0.003"/>
  <testcase name="testDynamicMode()" classname="org.springframework.cache.caffeine.CaffeineCacheManagerTests" time="0.004"/>
  <testcase name="testStaticMode()" classname="org.springframework.cache.caffeine.CaffeineCacheManagerTests" time="0.002"/>
  <testcase name="changeCaffeineRecreateCache()" classname="org.springframework.cache.caffeine.CaffeineCacheManagerTests" time="0.001"/>
  <testcase name="changeCaffeineSpecRecreateCache()" classname="org.springframework.cache.caffeine.CaffeineCacheManagerTests" time="0.002"/>
  <testcase name="cacheLoaderUseLoadingCache()" classname="org.springframework.cache.caffeine.CaffeineCacheManagerTests" time="0.022"/>
  <system-out><![CDATA[]]></system-out>
  <system-err><![CDATA[]]></system-err>
</testsuite>
