<?xml version="1.0" encoding="UTF-8"?>
<testsuite name="org.springframework.cache.jcache.interceptor.AnnotationCacheOperationSourceTests" tests="16" skipped="0" failures="0" errors="0" timestamp="2022-07-19T10:52:07" hostname="PACHIRA_DYH" time="0.165">
  <properties/>
  <testcase name="customCacheResolver()" classname="org.springframework.cache.jcache.interceptor.AnnotationCacheOperationSourceTests" time="0.002"/>
  <testcase name="defaultCacheNameWithParameters()" classname="org.springframework.cache.jcache.interceptor.AnnotationCacheOperationSourceTests" time="0.003"/>
  <testcase name="defaultCacheNameWithCandidate()" classname="org.springframework.cache.jcache.interceptor.AnnotationCacheOperationSourceTests" time="0.001"/>
  <testcase name="remove()" classname="org.springframework.cache.jcache.interceptor.AnnotationCacheOperationSourceTests" time="0.0"/>
  <testcase name="multiAnnotations()" classname="org.springframework.cache.jcache.interceptor.AnnotationCacheOperationSourceTests" time="0.002"/>
  <testcase name="defaultCacheNameNoDefaults()" classname="org.springframework.cache.jcache.interceptor.AnnotationCacheOperationSourceTests" time="0.0"/>
  <testcase name="noAnnotation()" classname="org.springframework.cache.jcache.interceptor.AnnotationCacheOperationSourceTests" time="0.0"/>
  <testcase name="put()" classname="org.springframework.cache.jcache.interceptor.AnnotationCacheOperationSourceTests" time="0.001"/>
  <testcase name="customKeyGeneratorAndCacheResolverWithExceptionName()" classname="org.springframework.cache.jcache.interceptor.AnnotationCacheOperationSourceTests" time="0.003"/>
  <testcase name="cache()" classname="org.springframework.cache.jcache.interceptor.AnnotationCacheOperationSourceTests" time="0.001"/>
  <testcase name="defaultCacheNameWithDefaults()" classname="org.springframework.cache.jcache.interceptor.AnnotationCacheOperationSourceTests" time="0.093"/>
  <testcase name="customKeyGeneratorSpringBean()" classname="org.springframework.cache.jcache.interceptor.AnnotationCacheOperationSourceTests" time="0.001"/>
  <testcase name="cacheWithException()" classname="org.springframework.cache.jcache.interceptor.AnnotationCacheOperationSourceTests" time="0.001"/>
  <testcase name="customKeyGeneratorAndCacheResolver()" classname="org.springframework.cache.jcache.interceptor.AnnotationCacheOperationSourceTests" time="0.017"/>
  <testcase name="removeAll()" classname="org.springframework.cache.jcache.interceptor.AnnotationCacheOperationSourceTests" time="0.002"/>
  <testcase name="customKeyGenerator()" classname="org.springframework.cache.jcache.interceptor.AnnotationCacheOperationSourceTests" time="0.003"/>
  <system-out><![CDATA[]]></system-out>
  <system-err><![CDATA[]]></system-err>
</testsuite>
