<?xml version="1.0" encoding="UTF-8"?>
<testsuite name="org.springframework.cache.jcache.interceptor.CachePutOperationTests" tests="6" skipped="0" failures="0" errors="0" timestamp="2022-07-19T10:52:07" hostname="PACHIRA_DYH" time="0.02">
  <properties/>
  <testcase name="simple()" classname="org.springframework.cache.jcache.interceptor.CachePutOperationTests" time="0.002"/>
  <testcase name="simplePut()" classname="org.springframework.cache.jcache.interceptor.CachePutOperationTests" time="0.003"/>
  <testcase name="fullPutConfig()" classname="org.springframework.cache.jcache.interceptor.CachePutOperationTests" time="0.003"/>
  <testcase name="invokeWithWrongParameters()" classname="org.springframework.cache.jcache.interceptor.CachePutOperationTests" time="0.004"/>
  <testcase name="multiCacheValues()" classname="org.springframework.cache.jcache.interceptor.CachePutOperationTests" time="0.001"/>
  <testcase name="noCacheValue()" classname="org.springframework.cache.jcache.interceptor.CachePutOperationTests" time="0.002"/>
  <system-out><![CDATA[]]></system-out>
  <system-err><![CDATA[]]></system-err>
</testsuite>
