<?xml version="1.0" encoding="UTF-8"?>
<testsuite name="org.springframework.validation.beanvalidation2.ValidatorFactoryTests" tests="14" skipped="0" failures="0" errors="0" timestamp="2022-07-19T10:52:39" hostname="PACHIRA_DYH" time="1.542">
  <properties/>
  <testcase name="withConstraintValidatorFactory()" classname="org.springframework.validation.beanvalidation2.ValidatorFactoryTests" time="0.03"/>
  <testcase name="springValidation()" classname="org.springframework.validation.beanvalidation2.ValidatorFactoryTests" time="0.186"/>
  <testcase name="springValidationWithClassLevel()" classname="org.springframework.validation.beanvalidation2.ValidatorFactoryTests" time="0.365"/>
  <testcase name="springValidationWithErrorInListElement()" classname="org.springframework.validation.beanvalidation2.ValidatorFactoryTests" time="0.15"/>
  <testcase name="springValidationFieldType()" classname="org.springframework.validation.beanvalidation2.ValidatorFactoryTests" time="0.147"/>
  <testcase name="springValidationWithErrorInSetElement()" classname="org.springframework.validation.beanvalidation2.ValidatorFactoryTests" time="0.147"/>
  <testcase name="springValidationWithAutowiredValidator()" classname="org.springframework.validation.beanvalidation2.ValidatorFactoryTests" time="0.096"/>
  <testcase name="simpleValidation()" classname="org.springframework.validation.beanvalidation2.ValidatorFactoryTests" time="0.09"/>
  <testcase name="innerBeanValidation()" classname="org.springframework.validation.beanvalidation2.ValidatorFactoryTests" time="0.034"/>
  <testcase name="withCustomInitializer()" classname="org.springframework.validation.beanvalidation2.ValidatorFactoryTests" time="0.007"/>
  <testcase name="validationWithOptionalField()" classname="org.springframework.validation.beanvalidation2.ValidatorFactoryTests" time="0.02"/>
  <testcase name="simpleValidationWithCustomProvider()" classname="org.springframework.validation.beanvalidation2.ValidatorFactoryTests" time="0.124"/>
  <testcase name="simpleValidationWithClassLevel()" classname="org.springframework.validation.beanvalidation2.ValidatorFactoryTests" time="0.115"/>
  <testcase name="listValidation()" classname="org.springframework.validation.beanvalidation2.ValidatorFactoryTests" time="0.021"/>
  <system-out><![CDATA[]]></system-out>
  <system-err><![CDATA[]]></system-err>
</testsuite>
