<?xml version="1.0" encoding="UTF-8"?>
<testsuite name="org.springframework.cache.jcache.interceptor.JCacheErrorHandlerTests" tests="6" skipped="0" failures="0" errors="0" timestamp="2022-07-19T10:52:07" hostname="PACHIRA_DYH" time="1.468">
  <properties/>
  <testcase name="clearFail()" classname="org.springframework.cache.jcache.interceptor.JCacheErrorHandlerTests" time="0.713"/>
  <testcase name="getFailPutExceptionFail()" classname="org.springframework.cache.jcache.interceptor.JCacheErrorHandlerTests" time="0.096"/>
  <testcase name="evictFail()" classname="org.springframework.cache.jcache.interceptor.JCacheErrorHandlerTests" time="0.143"/>
  <testcase name="putFail()" classname="org.springframework.cache.jcache.interceptor.JCacheErrorHandlerTests" time="0.27"/>
  <testcase name="getFail()" classname="org.springframework.cache.jcache.interceptor.JCacheErrorHandlerTests" time="0.103"/>
  <testcase name="getPutNewElementFail()" classname="org.springframework.cache.jcache.interceptor.JCacheErrorHandlerTests" time="0.13"/>
  <system-out><![CDATA[]]></system-out>
  <system-err><![CDATA[]]></system-err>
</testsuite>
