<?xml version="1.0" encoding="UTF-8"?>
<testsuite name="org.springframework.cache.jcache.JCacheEhCache3AnnotationTests" tests="64" skipped="1" failures="0" errors="0" timestamp="2022-07-19T10:52:09" hostname="PACHIRA_DYH" time="6.928">
  <properties/>
  <testcase name="testMultiConditionalCacheAndEvict()" classname="org.springframework.cache.jcache.JCacheEhCache3AnnotationTests" time="2.251"/>
  <testcase name="testClassEvictWithKeyEarly()" classname="org.springframework.cache.jcache.JCacheEhCache3AnnotationTests" time="0.074"/>
  <testcase name="testClassCheckedExceptionSync()" classname="org.springframework.cache.jcache.JCacheEhCache3AnnotationTests" time="0.099"/>
  <testcase name="testKeyExpression()" classname="org.springframework.cache.jcache.JCacheEhCache3AnnotationTests" time="0.078"/>
  <testcase name="testConditionalUpdate()" classname="org.springframework.cache.jcache.JCacheEhCache3AnnotationTests" time="0.195"/>
  <testcase name="testClassMultiCacheAndEvict()" classname="org.springframework.cache.jcache.JCacheEhCache3AnnotationTests" time="0.08"/>
  <testcase name="testCacheableSyncNull()" classname="org.springframework.cache.jcache.JCacheEhCache3AnnotationTests" time="0.12"/>
  <testcase name="testUnknownCustomKeyGenerator()" classname="org.springframework.cache.jcache.JCacheEhCache3AnnotationTests" time="0.108"/>
  <testcase name="testClassRootVars()" classname="org.springframework.cache.jcache.JCacheEhCache3AnnotationTests" time="0.255"/>
  <testcase name="testMethodName()" classname="org.springframework.cache.jcache.JCacheEhCache3AnnotationTests" time="0.057"/>
  <testcase name="testEvictWithException()" classname="org.springframework.cache.jcache.JCacheEhCache3AnnotationTests" time="0.06"/>
  <testcase name="testClassUpdate()" classname="org.springframework.cache.jcache.JCacheEhCache3AnnotationTests" time="0.105"/>
  <testcase name="testEvict()" classname="org.springframework.cache.jcache.JCacheEhCache3AnnotationTests" time="0.085"/>
  <testcase name="testCheckedExceptionSync()" classname="org.springframework.cache.jcache.JCacheEhCache3AnnotationTests" time="0.065"/>
  <testcase name="testClassEvictEarly()" classname="org.springframework.cache.jcache.JCacheEhCache3AnnotationTests" time="0.05"/>
  <testcase name="testClassNullArg()" classname="org.springframework.cache.jcache.JCacheEhCache3AnnotationTests" time="0.066"/>
  <testcase name="testClassEvictAll()" classname="org.springframework.cache.jcache.JCacheEhCache3AnnotationTests" time="0.159"/>
  <testcase name="testPutRefersToResult()" classname="org.springframework.cache.jcache.JCacheEhCache3AnnotationTests" time="0.048"/>
  <testcase name="testClassCacheUnlessExpression()" classname="org.springframework.cache.jcache.JCacheEhCache3AnnotationTests" time="0.05"/>
  <testcase name="testConditionalExpressionSync()" classname="org.springframework.cache.jcache.JCacheEhCache3AnnotationTests" time="0.045"/>
  <testcase name="testClassConditionalUpdate()" classname="org.springframework.cache.jcache.JCacheEhCache3AnnotationTests" time="0.046"/>
  <testcase name="testConditionalExpression()" classname="org.springframework.cache.jcache.JCacheEhCache3AnnotationTests" time="0.053"/>
  <testcase name="testClassMultiPut()" classname="org.springframework.cache.jcache.JCacheEhCache3AnnotationTests" time="0.054"/>
  <testcase name="testClassUncheckedException()" classname="org.springframework.cache.jcache.JCacheEhCache3AnnotationTests" time="0.067"/>
  <testcase name="testClassCacheEvictWithWKey()" classname="org.springframework.cache.jcache.JCacheEhCache3AnnotationTests" time="0.045"/>
  <testcase name="testClassNullValue()" classname="org.springframework.cache.jcache.JCacheEhCache3AnnotationTests" time="0.045"/>
  <testcase name="testUncheckedExceptionSync()" classname="org.springframework.cache.jcache.JCacheEhCache3AnnotationTests" time="0.04"/>
  <testcase name="testClassUncheckedExceptionSync()" classname="org.springframework.cache.jcache.JCacheEhCache3AnnotationTests" time="0.069"/>
  <testcase name="testClassCacheCacheable()" classname="org.springframework.cache.jcache.JCacheEhCache3AnnotationTests" time="0.044"/>
  <testcase name="testClassMethodName()" classname="org.springframework.cache.jcache.JCacheEhCache3AnnotationTests" time="0.053"/>
  <testcase name="testCustomKeyGenerator()" classname="org.springframework.cache.jcache.JCacheEhCache3AnnotationTests" time="0.057"/>
  <testcase name="testCacheable()" classname="org.springframework.cache.jcache.JCacheEhCache3AnnotationTests" time="0.063"/>
  <testcase name="testCheckedException()" classname="org.springframework.cache.jcache.JCacheEhCache3AnnotationTests" time="0.073"/>
  <testcase name="testClassPutRefersToResult()" classname="org.springframework.cache.jcache.JCacheEhCache3AnnotationTests" time="0.075"/>
  <testcase name="testVarArgsKey()" classname="org.springframework.cache.jcache.JCacheEhCache3AnnotationTests" time="0.164"/>
  <testcase name="testMultiCache()" classname="org.springframework.cache.jcache.JCacheEhCache3AnnotationTests" time="0.049"/>
  <testcase name="testMultiEvict()" classname="org.springframework.cache.jcache.JCacheEhCache3AnnotationTests" time="0.063"/>
  <testcase name="testMultiCacheAndEvict()" classname="org.springframework.cache.jcache.JCacheEhCache3AnnotationTests" time="0.044"/>
  <testcase name="testRootVars()" classname="org.springframework.cache.jcache.JCacheEhCache3AnnotationTests" time="0.056"/>
  <testcase name="testClassMultiConditionalCacheAndEvict()" classname="org.springframework.cache.jcache.JCacheEhCache3AnnotationTests" time="0.051"/>
  <testcase name="testClassEvictWithException()" classname="org.springframework.cache.jcache.JCacheEhCache3AnnotationTests" time="0.05"/>
  <testcase name="testClassCheckedException()" classname="org.springframework.cache.jcache.JCacheEhCache3AnnotationTests" time="0.055"/>
  <testcase name="testClassCacheEvict()" classname="org.springframework.cache.jcache.JCacheEhCache3AnnotationTests" time="0.233"/>
  <testcase name="testEvictWithKey()" classname="org.springframework.cache.jcache.JCacheEhCache3AnnotationTests" time="0.06"/>
  <testcase name="testUnlessExpression()" classname="org.springframework.cache.jcache.JCacheEhCache3AnnotationTests" time="0.048"/>
  <testcase name="testEvictAllEarly()" classname="org.springframework.cache.jcache.JCacheEhCache3AnnotationTests" time="0.048"/>
  <testcase name="testEvictAll()" classname="org.springframework.cache.jcache.JCacheEhCache3AnnotationTests" time="0.048"/>
  <testcase name="testCacheableNull()" classname="org.springframework.cache.jcache.JCacheEhCache3AnnotationTests" time="0.049"/>
  <testcase name="testCacheableSync()" classname="org.springframework.cache.jcache.JCacheEhCache3AnnotationTests" time="0.057"/>
  <testcase name="testEvictWithKeyEarly()" classname="org.springframework.cache.jcache.JCacheEhCache3AnnotationTests" time="0.035"/>
  <testcase name="testMultiPut()" classname="org.springframework.cache.jcache.JCacheEhCache3AnnotationTests" time="0.107"/>
  <testcase name="testUnknownCustomCacheManager()" classname="org.springframework.cache.jcache.JCacheEhCache3AnnotationTests" time="0.101"/>
  <testcase name="testUncheckedException()" classname="org.springframework.cache.jcache.JCacheEhCache3AnnotationTests" time="0.068"/>
  <testcase name="testNullValue()" classname="org.springframework.cache.jcache.JCacheEhCache3AnnotationTests" time="0.049"/>
  <testcase name="testEvictEarly()" classname="org.springframework.cache.jcache.JCacheEhCache3AnnotationTests" time="0.044"/>
  <testcase name="testUpdate()" classname="org.springframework.cache.jcache.JCacheEhCache3AnnotationTests" time="0.037"/>
  <testcase name="testNullArg()" classname="org.springframework.cache.jcache.JCacheEhCache3AnnotationTests" time="0.045"/>
  <testcase name="testClassMultiCache()" classname="org.springframework.cache.jcache.JCacheEhCache3AnnotationTests" time="0.089"/>
  <testcase name="testClassMultiEvict()" classname="org.springframework.cache.jcache.JCacheEhCache3AnnotationTests" time="0.105"/>
  <testcase name="testEvictAllWithTransaction()" classname="org.springframework.cache.jcache.JCacheEhCache3AnnotationTests" time="0.096"/>
  <testcase name="testCustomCacheManager()" classname="org.springframework.cache.jcache.JCacheEhCache3AnnotationTests" time="0.0">
    <skipped/>
  </testcase>
  <testcase name="testEvictEarlyWithTransaction()" classname="org.springframework.cache.jcache.JCacheEhCache3AnnotationTests" time="0.048"/>
  <testcase name="testEvictAllEarlyWithTransaction()" classname="org.springframework.cache.jcache.JCacheEhCache3AnnotationTests" time="0.059"/>
  <testcase name="testEvictWithTransaction()" classname="org.springframework.cache.jcache.JCacheEhCache3AnnotationTests" time="0.05"/>
  <system-out><![CDATA[]]></system-out>
  <system-err><![CDATA[]]></system-err>
</testsuite>
