<?xml version="1.0" encoding="UTF-8"?>
<testsuite name="org.springframework.mail.javamail.InternetAddressEditorTests" tests="7" skipped="0" failures="0" errors="0" timestamp="2022-07-19T10:52:27" hostname="PACHIRA_DYH" time="0.121">
  <properties/>
  <testcase name="simpleBadAddress()" classname="org.springframework.mail.javamail.InternetAddressEditorTests" time="0.116"/>
  <testcase name="uninitialized()" classname="org.springframework.mail.javamail.InternetAddressEditorTests" time="0.0"/>
  <testcase name="simpleGoodAddress()" classname="org.springframework.mail.javamail.InternetAddressEditorTests" time="0.0"/>
  <testcase name="allWhitespace()" classname="org.springframework.mail.javamail.InternetAddressEditorTests" time="0.0"/>
  <testcase name="setEmpty()" classname="org.springframework.mail.javamail.InternetAddressEditorTests" time="0.001"/>
  <testcase name="excessWhitespace()" classname="org.springframework.mail.javamail.InternetAddressEditorTests" time="0.0"/>
  <testcase name="setNull()" classname="org.springframework.mail.javamail.InternetAddressEditorTests" time="0.0"/>
  <system-out><![CDATA[]]></system-out>
  <system-err><![CDATA[]]></system-err>
</testsuite>
