<?xml version="1.0" encoding="UTF-8"?>
<testsuite name="org.springframework.validation.beanvalidation2.MethodValidationTests" tests="4" skipped="0" failures="0" errors="0" timestamp="2022-07-19T10:52:38" hostname="PACHIRA_DYH" time="0.413">
  <properties/>
  <testcase name="testLazyValidatorForMethodValidation()" classname="org.springframework.validation.beanvalidation2.MethodValidationTests" time="0.212"/>
  <testcase name="testMethodValidationInterceptor()" classname="org.springframework.validation.beanvalidation2.MethodValidationTests" time="0.085"/>
  <testcase name="testLazyValidatorForMethodValidationWithProxyTargetClass()" classname="org.springframework.validation.beanvalidation2.MethodValidationTests" time="0.062"/>
  <testcase name="testMethodValidationPostProcessor()" classname="org.springframework.validation.beanvalidation2.MethodValidationTests" time="0.054"/>
  <system-out><![CDATA[]]></system-out>
  <system-err><![CDATA[]]></system-err>
</testsuite>
