<?xml version="1.0" encoding="UTF-8"?>
<testsuite name="org.springframework.ui.freemarker.FreeMarkerConfigurationFactoryBeanTests" tests="4" skipped="0" failures="0" errors="0" timestamp="2022-07-19T10:52:34" hostname="PACHIRA_DYH" time="1.537">
  <properties/>
  <testcase name="freeMarkerConfigurationFactoryBeanWithResourceLoaderPath()" classname="org.springframework.ui.freemarker.FreeMarkerConfigurationFactoryBeanTests" time="1.111"/>
  <testcase name="freeMarkerConfigurationAsBean()" classname="org.springframework.ui.freemarker.FreeMarkerConfigurationFactoryBeanTests" time="0.05"/>
  <testcase name="freeMarkerConfigurationFactoryBeanWithConfigLocation()" classname="org.springframework.ui.freemarker.FreeMarkerConfigurationFactoryBeanTests" time="0.041"/>
  <testcase name="freeMarkerConfigurationFactoryBeanWithNonFileResourceLoaderPath()" classname="org.springframework.ui.freemarker.FreeMarkerConfigurationFactoryBeanTests" time="0.333"/>
  <system-out><![CDATA[]]></system-out>
  <system-err><![CDATA[]]></system-err>
</testsuite>
