<?xml version="1.0" encoding="UTF-8"?>
<testsuite name="org.springframework.validation.beanvalidation2.BeanValidationPostProcessorTests" tests="5" skipped="0" failures="0" errors="0" timestamp="2022-07-19T10:52:36" hostname="PACHIRA_DYH" time="2.098">
  <properties/>
  <testcase name="testSizeConstraintSatisfied()" classname="org.springframework.validation.beanvalidation2.BeanValidationPostProcessorTests" time="1.958"/>
  <testcase name="testNotNullConstraintAfterInitialization()" classname="org.springframework.validation.beanvalidation2.BeanValidationPostProcessorTests" time="0.022"/>
  <testcase name="testNotNullConstraintSatisfied()" classname="org.springframework.validation.beanvalidation2.BeanValidationPostProcessorTests" time="0.033"/>
  <testcase name="testSizeConstraint()" classname="org.springframework.validation.beanvalidation2.BeanValidationPostProcessorTests" time="0.065"/>
  <testcase name="testNotNullConstraint()" classname="org.springframework.validation.beanvalidation2.BeanValidationPostProcessorTests" time="0.018"/>
  <system-out><![CDATA[]]></system-out>
  <system-err><![CDATA[]]></system-err>
</testsuite>
