<?xml version="1.0" encoding="UTF-8"?>
<testsuite name="org.springframework.cache.caffeine.CaffeineCacheTests" tests="17" skipped="0" failures="0" errors="0" timestamp="2022-07-19T10:51:51" hostname="PACHIRA_DYH" time="0.54">
  <properties/>
  <testcase name="testCacheGetCallableNotInvokedWithHitNull()" classname="org.springframework.cache.caffeine.CaffeineCacheTests" time="0.017"/>
  <testcase name="testCacheGetSynchronized()" classname="org.springframework.cache.caffeine.CaffeineCacheTests" time="0.127"/>
  <testcase name="testCachePutIfAbsent()" classname="org.springframework.cache.caffeine.CaffeineCacheTests" time="0.003"/>
  <testcase name="testCacheClear()" classname="org.springframework.cache.caffeine.CaffeineCacheTests" time="0.002"/>
  <testcase name="testCacheRemove()" classname="org.springframework.cache.caffeine.CaffeineCacheTests" time="0.001"/>
  <testcase name="testCacheGetCallableNotInvokedWithHit()" classname="org.springframework.cache.caffeine.CaffeineCacheTests" time="0.002"/>
  <testcase name="testCacheName()" classname="org.springframework.cache.caffeine.CaffeineCacheTests" time="0.018"/>
  <testcase name="testCachePut()" classname="org.springframework.cache.caffeine.CaffeineCacheTests" time="0.031"/>
  <testcase name="testCacheGetCallable()" classname="org.springframework.cache.caffeine.CaffeineCacheTests" time="0.008"/>
  <testcase name="testNativeCache()" classname="org.springframework.cache.caffeine.CaffeineCacheTests" time="0.009"/>
  <testcase name="testCacheGetCallableFail()" classname="org.springframework.cache.caffeine.CaffeineCacheTests" time="0.019"/>
  <testcase name="testCacheGetCallableWithNull()" classname="org.springframework.cache.caffeine.CaffeineCacheTests" time="0.003"/>
  <testcase name="testCachePutNullValueAllowNullFalse()" classname="org.springframework.cache.caffeine.CaffeineCacheTests" time="0.03"/>
  <testcase name="testPutIfAbsentNullValue()" classname="org.springframework.cache.caffeine.CaffeineCacheTests" time="0.002"/>
  <testcase name="testLoadingCacheGet()" classname="org.springframework.cache.caffeine.CaffeineCacheTests" time="0.112"/>
  <testcase name="testLoadingCacheGetWithWrongType()" classname="org.springframework.cache.caffeine.CaffeineCacheTests" time="0.007"/>
  <testcase name="testLoadingCacheGetWithType()" classname="org.springframework.cache.caffeine.CaffeineCacheTests" time="0.078"/>
  <system-out><![CDATA[]]></system-out>
  <system-err><![CDATA[]]></system-err>
</testsuite>
