<?xml version="1.0" encoding="UTF-8"?>
<testsuite name="org.springframework.cache.jcache.interceptor.CacheRemoveAllOperationTests" tests="2" skipped="0" failures="0" errors="0" timestamp="2022-07-19T10:52:07" hostname="PACHIRA_DYH" time="0.012">
  <properties/>
  <testcase name="simple()" classname="org.springframework.cache.jcache.interceptor.CacheRemoveAllOperationTests" time="0.002"/>
  <testcase name="simpleRemoveAll()" classname="org.springframework.cache.jcache.interceptor.CacheRemoveAllOperationTests" time="0.01"/>
  <system-out><![CDATA[]]></system-out>
  <system-err><![CDATA[]]></system-err>
</testsuite>
