<?xml version="1.0" encoding="UTF-8"?>
<testsuite name="org.springframework.scheduling.quartz.CronTriggerFactoryBeanTests" tests="1" skipped="0" failures="0" errors="0" timestamp="2022-07-19T10:52:29" hostname="PACHIRA_DYH" time="0.065">
  <properties/>
  <testcase name="createWithoutJobDetail()" classname="org.springframework.scheduling.quartz.CronTriggerFactoryBeanTests" time="0.065"/>
  <system-out><![CDATA[]]></system-out>
  <system-err><![CDATA[]]></system-err>
</testsuite>
