<?xml version="1.0" encoding="UTF-8"?>
<testsuite name="org.springframework.expression.spel.EvaluationTests$TypeReferenceTests" tests="4" skipped="0" failures="0" errors="0" timestamp="2022-07-19T10:51:19" hostname="PACHIRA_DYH" time="0.935">
  <properties/>
  <testcase name="staticMethodReferences()" classname="org.springframework.expression.spel.EvaluationTests$TypeReferenceTests" time="0.905"/>
  <testcase name="typeReferencesPrimitive()" classname="org.springframework.expression.spel.EvaluationTests$TypeReferenceTests" time="0.002"/>
  <testcase name="typeReferencesAndQualifiedIdentifierCaching()" classname="org.springframework.expression.spel.EvaluationTests$TypeReferenceTests" time="0.021"/>
  <testcase name="typeReferences()" classname="org.springframework.expression.spel.EvaluationTests$TypeReferenceTests" time="0.002"/>
  <system-out><![CDATA[]]></system-out>
  <system-err><![CDATA[]]></system-err>
</testsuite>
