<?xml version="1.0" encoding="UTF-8"?>
<testsuite name="org.springframework.expression.spel.ast.OpPlusTests" tests="9" skipped="0" failures="0" errors="0" timestamp="2022-07-19T10:51:18" hostname="PACHIRA_DYH" time="0.069">
  <properties/>
  <testcase name="test_unaryPlusWithNumberOperand()" classname="org.springframework.expression.spel.ast.OpPlusTests" time="0.001"/>
  <testcase name="test_binaryPlusWithTimeConverted()" classname="org.springframework.expression.spel.ast.OpPlusTests" time="0.026"/>
  <testcase name="test_emptyOperands()" classname="org.springframework.expression.spel.ast.OpPlusTests" time="0.004"/>
  <testcase name="test_unaryPlusWithStringLiteral()" classname="org.springframework.expression.spel.ast.OpPlusTests" time="0.003"/>
  <testcase name="test_binaryPlusWithTime_ToString()" classname="org.springframework.expression.spel.ast.OpPlusTests" time="0.012"/>
  <testcase name="test_binaryPlusWithRightStringOperand()" classname="org.springframework.expression.spel.ast.OpPlusTests" time="0.001"/>
  <testcase name="test_binaryPlusWithStringOperands()" classname="org.springframework.expression.spel.ast.OpPlusTests" time="0.0"/>
  <testcase name="test_binaryPlusWithLeftStringOperand()" classname="org.springframework.expression.spel.ast.OpPlusTests" time="0.001"/>
  <testcase name="test_binaryPlusWithNumberOperands()" classname="org.springframework.expression.spel.ast.OpPlusTests" time="0.003"/>
  <system-out><![CDATA[]]></system-out>
  <system-err><![CDATA[]]></system-err>
</testsuite>
