<?xml version="1.0" encoding="UTF-8"?>
<testsuite name="org.springframework.expression.spel.EvaluationTests$PropertyAccessTests" tests="3" skipped="0" failures="0" errors="0" timestamp="2022-07-19T10:51:20" hostname="PACHIRA_DYH" time="0.046">
  <properties/>
  <testcase name="rogueTrailingDotCausesNPE_SPR6866()" classname="org.springframework.expression.spel.EvaluationTests$PropertyAccessTests" time="0.004"/>
  <testcase name="propertyField()" classname="org.springframework.expression.spel.EvaluationTests$PropertyAccessTests" time="0.002"/>
  <testcase name="propertyField_SPR7100()" classname="org.springframework.expression.spel.EvaluationTests$PropertyAccessTests" time="0.002"/>
  <system-out><![CDATA[]]></system-out>
  <system-err><![CDATA[]]></system-err>
</testsuite>
