<?xml version="1.0" encoding="UTF-8"?>
<testsuite name="org.springframework.expression.spel.ConstructorInvocationTests" tests="8" skipped="1" failures="0" errors="0" timestamp="2022-07-19T10:51:18" hostname="PACHIRA_DYH" time="0.187">
  <properties/>
  <testcase name="testAddingConstructorResolvers()" classname="org.springframework.expression.spel.ConstructorInvocationTests" time="0.0"/>
  <testcase name="testArgumentConversion01()" classname="org.springframework.expression.spel.ConstructorInvocationTests" time="0.002">
    <skipped/>
  </testcase>
  <testcase name="testConstructorThrowingException_SPR6760()" classname="org.springframework.expression.spel.ConstructorInvocationTests" time="0.013"/>
  <testcase name="testTypeConstructors()" classname="org.springframework.expression.spel.ConstructorInvocationTests" time="0.003"/>
  <testcase name="testNonExistentType()" classname="org.springframework.expression.spel.ConstructorInvocationTests" time="0.002"/>
  <testcase name="testVarargsInvocation01()" classname="org.springframework.expression.spel.ConstructorInvocationTests" time="0.089"/>
  <testcase name="testVarargsInvocation02()" classname="org.springframework.expression.spel.ConstructorInvocationTests" time="0.06"/>
  <testcase name="testWidening01()" classname="org.springframework.expression.spel.ConstructorInvocationTests" time="0.003"/>
  <system-out><![CDATA[]]></system-out>
  <system-err><![CDATA[]]></system-err>
</testsuite>
