<?xml version="1.0" encoding="UTF-8"?>
<testsuite name="org.springframework.expression.spel.ExpressionWithConversionTests" tests="4" skipped="0" failures="0" errors="0" timestamp="2022-07-19T10:51:21" hostname="PACHIRA_DYH" time="0.072">
  <properties/>
  <testcase name="testConversionsAvailable()" classname="org.springframework.expression.spel.ExpressionWithConversionTests" time="0.013"/>
  <testcase name="testConvert()" classname="org.springframework.expression.spel.ExpressionWithConversionTests" time="0.005"/>
  <testcase name="testSetParameterizedList()" classname="org.springframework.expression.spel.ExpressionWithConversionTests" time="0.032"/>
  <testcase name="testCoercionToCollectionOfPrimitive()" classname="org.springframework.expression.spel.ExpressionWithConversionTests" time="0.018"/>
  <system-out><![CDATA[]]></system-out>
  <system-err><![CDATA[]]></system-err>
</testsuite>
