<?xml version="1.0" encoding="UTF-8"?>
<testsuite name="org.springframework.expression.spel.EvaluationTests$BinaryOperatorTests" tests="4" skipped="0" failures="0" errors="0" timestamp="2022-07-19T10:51:20" hostname="PACHIRA_DYH" time="0.013">
  <properties/>
  <testcase name="orWithNullValueOnLeft()" classname="org.springframework.expression.spel.EvaluationTests$BinaryOperatorTests" time="0.001"/>
  <testcase name="andWithNullValueOnLeft()" classname="org.springframework.expression.spel.EvaluationTests$BinaryOperatorTests" time="0.002"/>
  <testcase name="andWithNullValueOnRight()" classname="org.springframework.expression.spel.EvaluationTests$BinaryOperatorTests" time="0.001"/>
  <testcase name="orWithNullValueOnRight()" classname="org.springframework.expression.spel.EvaluationTests$BinaryOperatorTests" time="0.002"/>
  <system-out><![CDATA[]]></system-out>
  <system-err><![CDATA[]]></system-err>
</testsuite>
