<?xml version="1.0" encoding="UTF-8"?>
<testsuite name="org.springframework.expression.spel.ExpressionLanguageScenarioTests" tests="6" skipped="0" failures="0" errors="0" timestamp="2022-07-19T10:51:21" hostname="PACHIRA_DYH" time="0.018">
  <properties/>
  <testcase name="testScenario_UsingADifferentRootContextObject()" classname="org.springframework.expression.spel.ExpressionLanguageScenarioTests" time="0.002"/>
  <testcase name="testScenario_DefiningVariablesThatWillBeAccessibleInExpressions()" classname="org.springframework.expression.spel.ExpressionLanguageScenarioTests" time="0.003"/>
  <testcase name="testScenario_RegisteringJavaMethodsAsFunctionsAndCallingThem()" classname="org.springframework.expression.spel.ExpressionLanguageScenarioTests" time="0.001"/>
  <testcase name="testScenario_AddingYourOwnPropertyResolvers_1()" classname="org.springframework.expression.spel.ExpressionLanguageScenarioTests" time="0.002"/>
  <testcase name="testScenario_AddingYourOwnPropertyResolvers_2()" classname="org.springframework.expression.spel.ExpressionLanguageScenarioTests" time="0.003"/>
  <testcase name="testScenario_UsingStandardInfrastructure()" classname="org.springframework.expression.spel.ExpressionLanguageScenarioTests" time="0.002"/>
  <system-out><![CDATA[]]></system-out>
  <system-err><![CDATA[]]></system-err>
</testsuite>
