<?xml version="1.0" encoding="UTF-8"?>
<testsuite name="org.springframework.expression.spel.IndexingTests" tests="23" skipped="0" failures="0" errors="0" timestamp="2022-07-19T10:51:21" hostname="PACHIRA_DYH" time="0.162">
  <properties/>
  <testcase name="indexIntoPropertyContainingList()" classname="org.springframework.expression.spel.IndexingTests" time="0.002"/>
  <testcase name="resolveCollectionElementTypeNull()" classname="org.springframework.expression.spel.IndexingTests" time="0.001"/>
  <testcase name="emptyList()" classname="org.springframework.expression.spel.IndexingTests" time="0.001"/>
  <testcase name="resolveCollectionElementType()" classname="org.springframework.expression.spel.IndexingTests" time="0.002"/>
  <testcase name="setPropertyContainingMapAutoGrow()" classname="org.springframework.expression.spel.IndexingTests" time="0.008"/>
  <testcase name="indexIntoGenericPropertyContainingMapObject()" classname="org.springframework.expression.spel.IndexingTests" time="0.017"/>
  <testcase name="indexIntoPropertyContainingListOfList()" classname="org.springframework.expression.spel.IndexingTests" time="0.002"/>
  <testcase name="indexIntoGenericPropertyContainingArray()" classname="org.springframework.expression.spel.IndexingTests" time="0.001"/>
  <testcase name="indexIntoGenericPropertyContainingList()" classname="org.springframework.expression.spel.IndexingTests" time="0.015"/>
  <testcase name="indexIntoGenericPropertyContainingGrowingList2()" classname="org.springframework.expression.spel.IndexingTests" time="0.066"/>
  <testcase name="indexIntoGenericPropertyContainingMap()" classname="org.springframework.expression.spel.IndexingTests" time="0.001"/>
  <testcase name="setGenericPropertyContainingMap()" classname="org.springframework.expression.spel.IndexingTests" time="0.001"/>
  <testcase name="indexIntoPropertyContainingListContainingNullElement()" classname="org.springframework.expression.spel.IndexingTests" time="0.001"/>
  <testcase name="setPropertyContainingMap()" classname="org.springframework.expression.spel.IndexingTests" time="0.001"/>
  <testcase name="testListsOfMap()" classname="org.springframework.expression.spel.IndexingTests" time="0.001"/>
  <testcase name="testListOfScalar()" classname="org.springframework.expression.spel.IndexingTests" time="0.0"/>
  <testcase name="indexIntoGenericPropertyContainingGrowingList()" classname="org.springframework.expression.spel.IndexingTests" time="0.001"/>
  <testcase name="autoGrowListOfElementsWithoutDefaultConstructor()" classname="org.springframework.expression.spel.IndexingTests" time="0.001"/>
  <testcase name="resolveMapKeyValueTypes()" classname="org.springframework.expression.spel.IndexingTests" time="0.001"/>
  <testcase name="indexIntoGenericPropertyContainingNullList()" classname="org.springframework.expression.spel.IndexingTests" time="0.002"/>
  <testcase name="setPropertyContainingList()" classname="org.springframework.expression.spel.IndexingTests" time="0.002"/>
  <testcase name="setGenericPropertyContainingList()" classname="org.springframework.expression.spel.IndexingTests" time="0.001"/>
  <testcase name="setGenericPropertyContainingListAutogrow()" classname="org.springframework.expression.spel.IndexingTests" time="0.001"/>
  <system-out><![CDATA[]]></system-out>
  <system-err><![CDATA[]]></system-err>
</testsuite>
