<?xml version="1.0" encoding="UTF-8"?>
<testsuite name="org.springframework.expression.spel.EvaluationTests$UnaryOperatorTests" tests="5" skipped="0" failures="0" errors="0" timestamp="2022-07-19T10:51:20" hostname="PACHIRA_DYH" time="0.016">
  <properties/>
  <testcase name="unaryNotWithNullValue()" classname="org.springframework.expression.spel.EvaluationTests$UnaryOperatorTests" time="0.002"/>
  <testcase name="unaryMinus()" classname="org.springframework.expression.spel.EvaluationTests$UnaryOperatorTests" time="0.001"/>
  <testcase name="unaryNot01()" classname="org.springframework.expression.spel.EvaluationTests$UnaryOperatorTests" time="0.0"/>
  <testcase name="unaryNot02()" classname="org.springframework.expression.spel.EvaluationTests$UnaryOperatorTests" time="0.0"/>
  <testcase name="unaryPlus()" classname="org.springframework.expression.spel.EvaluationTests$UnaryOperatorTests" time="0.002"/>
  <system-out><![CDATA[]]></system-out>
  <system-err><![CDATA[]]></system-err>
</testsuite>
