<?xml version="1.0" encoding="UTF-8"?>
<testsuite name="org.springframework.expression.spel.OperatorOverloaderTests" tests="1" skipped="0" failures="0" errors="0" timestamp="2022-07-19T10:51:22" hostname="PACHIRA_DYH" time="0.001">
  <properties/>
  <testcase name="testSimpleOperations()" classname="org.springframework.expression.spel.OperatorOverloaderTests" time="0.001"/>
  <system-out><![CDATA[]]></system-out>
  <system-err><![CDATA[]]></system-err>
</testsuite>
