<?xml version="1.0" encoding="UTF-8"?>
<testsuite name="org.springframework.expression.spel.EvaluationTests$MethodConstructorAndFunctionInvocationTests" tests="4" skipped="0" failures="0" errors="0" timestamp="2022-07-19T10:51:20" hostname="PACHIRA_DYH" time="0.043">
  <properties/>
  <testcase name="methodCallWithRootReferenceThroughParameter()" classname="org.springframework.expression.spel.EvaluationTests$MethodConstructorAndFunctionInvocationTests" time="0.004"/>
  <testcase name="fnCallWithRootReferenceThroughParameter()" classname="org.springframework.expression.spel.EvaluationTests$MethodConstructorAndFunctionInvocationTests" time="0.003"/>
  <testcase name="ctorCallWithRootReferenceThroughParameter()" classname="org.springframework.expression.spel.EvaluationTests$MethodConstructorAndFunctionInvocationTests" time="0.013"/>
  <testcase name="methodCallWithRootReferenceThroughParameterThatIsAFunctionCall()" classname="org.springframework.expression.spel.EvaluationTests$MethodConstructorAndFunctionInvocationTests" time="0.006"/>
  <system-out><![CDATA[]]></system-out>
  <system-err><![CDATA[]]></system-err>
</testsuite>
