<?xml version="1.0" encoding="UTF-8"?>
<testsuite name="org.springframework.expression.spel.ParserErrorMessagesTests" tests="5" skipped="0" failures="0" errors="0" timestamp="2022-07-19T10:51:22" hostname="PACHIRA_DYH" time="0.013">
  <properties/>
  <testcase name="testBrokenExpression01()" classname="org.springframework.expression.spel.ParserErrorMessagesTests" time="0.001"/>
  <testcase name="testBrokenExpression02()" classname="org.springframework.expression.spel.ParserErrorMessagesTests" time="0.004"/>
  <testcase name="testBrokenExpression04()" classname="org.springframework.expression.spel.ParserErrorMessagesTests" time="0.001"/>
  <testcase name="testBrokenExpression05()" classname="org.springframework.expression.spel.ParserErrorMessagesTests" time="0.001"/>
  <testcase name="testBrokenExpression07()" classname="org.springframework.expression.spel.ParserErrorMessagesTests" time="0.002"/>
  <system-out><![CDATA[]]></system-out>
  <system-err><![CDATA[]]></system-err>
</testsuite>
