<?xml version="1.0" encoding="UTF-8"?>
<testsuite name="org.springframework.expression.spel.EvaluationTests$VariableAndFunctionAccessTests" tests="2" skipped="0" failures="0" errors="0" timestamp="2022-07-19T10:51:20" hostname="PACHIRA_DYH" time="0.03">
  <properties/>
  <testcase name="functionAccess()" classname="org.springframework.expression.spel.EvaluationTests$VariableAndFunctionAccessTests" time="0.009"/>
  <testcase name="variableAccess()" classname="org.springframework.expression.spel.EvaluationTests$VariableAndFunctionAccessTests" time="0.004"/>
  <system-out><![CDATA[]]></system-out>
  <system-err><![CDATA[]]></system-err>
</testsuite>
