<?xml version="1.0" encoding="UTF-8"?>
<testsuite name="org.springframework.expression.spel.EvaluationTests$MethodAndConstructorTests" tests="5" skipped="0" failures="0" errors="0" timestamp="2022-07-19T10:51:20" hostname="PACHIRA_DYH" time="0.034">
  <properties/>
  <testcase name="methods01()" classname="org.springframework.expression.spel.EvaluationTests$MethodAndConstructorTests" time="0.002"/>
  <testcase name="methods02()" classname="org.springframework.expression.spel.EvaluationTests$MethodAndConstructorTests" time="0.002"/>
  <testcase name="constructorInvocation01()" classname="org.springframework.expression.spel.EvaluationTests$MethodAndConstructorTests" time="0.003"/>
  <testcase name="constructorInvocation05()" classname="org.springframework.expression.spel.EvaluationTests$MethodAndConstructorTests" time="0.014"/>
  <testcase name="constructorInvocation06()" classname="org.springframework.expression.spel.EvaluationTests$MethodAndConstructorTests" time="0.003"/>
  <system-out><![CDATA[]]></system-out>
  <system-err><![CDATA[]]></system-err>
</testsuite>
