<?xml version="1.0" encoding="UTF-8"?>
<testsuite name="org.springframework.expression.spel.ScenariosForSpringSecurityExpressionTests" tests="4" skipped="0" failures="0" errors="0" timestamp="2022-07-19T10:51:23" hostname="PACHIRA_DYH" time="0.026">
  <properties/>
  <testcase name="testScenario03_Arithmetic()" classname="org.springframework.expression.spel.ScenariosForSpringSecurityExpressionTests" time="0.001"/>
  <testcase name="testScenario04_ControllingWhichMethodsRun()" classname="org.springframework.expression.spel.ScenariosForSpringSecurityExpressionTests" time="0.012"/>
  <testcase name="testScenario02_ComparingNames()" classname="org.springframework.expression.spel.ScenariosForSpringSecurityExpressionTests" time="0.004"/>
  <testcase name="testScenario01_Roles()" classname="org.springframework.expression.spel.ScenariosForSpringSecurityExpressionTests" time="0.002"/>
  <system-out><![CDATA[]]></system-out>
  <system-err><![CDATA[]]></system-err>
</testsuite>
