<?xml version="1.0" encoding="UTF-8"?>
<testsuite name="org.springframework.expression.spel.LiteralExpressionTests" tests="3" skipped="0" failures="0" errors="0" timestamp="2022-07-19T10:51:21" hostname="PACHIRA_DYH" time="0.048">
  <properties/>
  <testcase name="testGetValue()" classname="org.springframework.expression.spel.LiteralExpressionTests" time="0.025"/>
  <testcase name="testGetValueType()" classname="org.springframework.expression.spel.LiteralExpressionTests" time="0.002"/>
  <testcase name="testSetValue()" classname="org.springframework.expression.spel.LiteralExpressionTests" time="0.016"/>
  <system-out><![CDATA[]]></system-out>
  <system-err><![CDATA[]]></system-err>
</testsuite>
