<?xml version="1.0" encoding="UTF-8"?>
<testsuite name="org.springframework.expression.spel.EvaluationTests$PropertyAccessTests$NestedPropertiesTests" tests="3" skipped="0" failures="0" errors="0" timestamp="2022-07-19T10:51:20" hostname="PACHIRA_DYH" time="0.034">
  <properties/>
  <testcase name="propertiesNested01()" classname="org.springframework.expression.spel.EvaluationTests$PropertyAccessTests$NestedPropertiesTests" time="0.002"/>
  <testcase name="propertiesNested02()" classname="org.springframework.expression.spel.EvaluationTests$PropertyAccessTests$NestedPropertiesTests" time="0.028"/>
  <testcase name="propertiesNested03()" classname="org.springframework.expression.spel.EvaluationTests$PropertyAccessTests$NestedPropertiesTests" time="0.001"/>
  <system-out><![CDATA[]]></system-out>
  <system-err><![CDATA[]]></system-err>
</testsuite>
