<?xml version="1.0" encoding="UTF-8"?>
<testsuite name="org.springframework.aop.interceptor.ExposeBeanNameAdvisorsTests" tests="2" skipped="0" failures="0" errors="0" timestamp="2022-07-19T10:50:53" hostname="PACHIRA_DYH" time="0.014">
  <properties/>
  <testcase name="testNoIntroduction()" classname="org.springframework.aop.interceptor.ExposeBeanNameAdvisorsTests" time="0.005"/>
  <testcase name="testWithIntroduction()" classname="org.springframework.aop.interceptor.ExposeBeanNameAdvisorsTests" time="0.009"/>
  <system-out><![CDATA[]]></system-out>
  <system-err><![CDATA[]]></system-err>
</testsuite>
