<?xml version="1.0" encoding="UTF-8"?>
<testsuite name="org.springframework.aop.target.PrototypeTargetSourceTests" tests="1" skipped="0" failures="0" errors="0" timestamp="2022-07-19T10:50:57" hostname="PACHIRA_DYH" time="0.167">
  <properties/>
  <testcase name="testPrototypeAndSingletonBehaveDifferently()" classname="org.springframework.aop.target.PrototypeTargetSourceTests" time="0.167"/>
  <system-out><![CDATA[]]></system-out>
  <system-err><![CDATA[]]></system-err>
</testsuite>
