<?xml version="1.0" encoding="UTF-8"?>
<testsuite name="org.springframework.aop.support.MethodMatchersTests" tests="6" skipped="0" failures="0" errors="0" timestamp="2022-07-19T10:50:56" hostname="PACHIRA_DYH" time="0.018">
  <properties/>
  <testcase name="testMethodMatcherTrueSerializable()" classname="org.springframework.aop.support.MethodMatchersTests" time="0.002"/>
  <testcase name="testUnionEquals()" classname="org.springframework.aop.support.MethodMatchersTests" time="0.001"/>
  <testcase name="testDefaultMatchesAll()" classname="org.springframework.aop.support.MethodMatchersTests" time="0.004"/>
  <testcase name="testDynamicAndStaticMethodMatcherIntersection()" classname="org.springframework.aop.support.MethodMatchersTests" time="0.001"/>
  <testcase name="testStaticMethodMatcherUnion()" classname="org.springframework.aop.support.MethodMatchersTests" time="0.0"/>
  <testcase name="testSingle()" classname="org.springframework.aop.support.MethodMatchersTests" time="0.001"/>
  <system-out><![CDATA[]]></system-out>
  <system-err><![CDATA[]]></system-err>
</testsuite>
