<?xml version="1.0" encoding="UTF-8"?>
<testsuite name="org.springframework.aop.support.ClassFiltersTests" tests="2" skipped="0" failures="0" errors="0" timestamp="2022-07-19T10:50:55" hostname="PACHIRA_DYH" time="0.007">
  <properties/>
  <testcase name="union()" classname="org.springframework.aop.support.ClassFiltersTests" time="0.004"/>
  <testcase name="intersection()" classname="org.springframework.aop.support.ClassFiltersTests" time="0.002"/>
  <system-out><![CDATA[]]></system-out>
  <system-err><![CDATA[]]></system-err>
</testsuite>
