<?xml version="1.0" encoding="UTF-8"?>
<testsuite name="org.springframework.aop.aspectj.TrickyAspectJPointcutExpressionTests" tests="5" skipped="0" failures="0" errors="0" timestamp="2022-07-19T10:50:44" hostname="PACHIRA_DYH" time="0.165">
  <properties/>
  <testcase name="testManualProxyJavaWithDynamicPointcutAndProxyTargetClass()" classname="org.springframework.aop.aspectj.TrickyAspectJPointcutExpressionTests" time="0.052"/>
  <testcase name="testManualProxyJavaWithDynamicPointcut()" classname="org.springframework.aop.aspectj.TrickyAspectJPointcutExpressionTests" time="0.029"/>
  <testcase name="testManualProxyJavaWithStaticPointcutAndTwoClassLoaders()" classname="org.springframework.aop.aspectj.TrickyAspectJPointcutExpressionTests" time="0.024"/>
  <testcase name="testManualProxyJavaWithStaticPointcut()" classname="org.springframework.aop.aspectj.TrickyAspectJPointcutExpressionTests" time="0.015"/>
  <testcase name="testManualProxyJavaWithUnconditionalPointcut()" classname="org.springframework.aop.aspectj.TrickyAspectJPointcutExpressionTests" time="0.014"/>
  <system-out><![CDATA[]]></system-out>
  <system-err><![CDATA[]]></system-err>
</testsuite>
