<?xml version="1.0" encoding="UTF-8"?>
<testsuite name="org.springframework.aop.target.LazyCreationTargetSourceTests" tests="1" skipped="0" failures="0" errors="0" timestamp="2022-07-19T10:50:56" hostname="PACHIRA_DYH" time="0.02">
  <properties/>
  <testcase name="testCreateLazy()" classname="org.springframework.aop.target.LazyCreationTargetSourceTests" time="0.02"/>
  <system-out><![CDATA[]]></system-out>
  <system-err><![CDATA[]]></system-err>
</testsuite>
