<?xml version="1.0" encoding="UTF-8"?>
<testsuite name="org.springframework.aop.target.HotSwappableTargetSourceTests" tests="4" skipped="0" failures="0" errors="0" timestamp="2022-07-19T10:50:56" hostname="PACHIRA_DYH" time="0.225">
  <properties/>
  <testcase name="testRejectsSwapToNull()" classname="org.springframework.aop.target.HotSwappableTargetSourceTests" time="0.135"/>
  <testcase name="testBasicFunctionality()" classname="org.springframework.aop.target.HotSwappableTargetSourceTests" time="0.011"/>
  <testcase name="testSerialization()" classname="org.springframework.aop.target.HotSwappableTargetSourceTests" time="0.012"/>
  <testcase name="testValidSwaps()" classname="org.springframework.aop.target.HotSwappableTargetSourceTests" time="0.065"/>
  <system-out><![CDATA[]]></system-out>
  <system-err><![CDATA[]]></system-err>
</testsuite>
