<?xml version="1.0" encoding="UTF-8"?>
<testsuite name="org.springframework.aop.aspectj.BeanNamePointcutMatchingTests" tests="2" skipped="0" failures="0" errors="0" timestamp="2022-07-19T10:50:44" hostname="PACHIRA_DYH" time="0.074">
  <properties/>
  <testcase name="testNonMatchingPointcuts()" classname="org.springframework.aop.aspectj.BeanNamePointcutMatchingTests" time="0.066"/>
  <testcase name="testMatchingPointcuts()" classname="org.springframework.aop.aspectj.BeanNamePointcutMatchingTests" time="0.006"/>
  <system-out><![CDATA[]]></system-out>
  <system-err><![CDATA[]]></system-err>
</testsuite>
