<?xml version="1.0" encoding="UTF-8"?>
<testsuite name="org.springframework.aop.aspectj.AspectJExpressionPointcutTests" tests="28" skipped="0" failures="0" errors="0" timestamp="2022-07-19T10:50:43" hostname="PACHIRA_DYH" time="0.457">
  <properties/>
  <testcase name="testAnnotationOnCglibProxyMethod()" classname="org.springframework.aop.aspectj.AspectJExpressionPointcutTests" time="0.024"/>
  <testcase name="testAnnotationOnDynamicProxyMethod()" classname="org.springframework.aop.aspectj.AspectJExpressionPointcutTests" time="0.007"/>
  <testcase name="testAnnotationOnMethodWithWildcard()" classname="org.springframework.aop.aspectj.AspectJExpressionPointcutTests" time="0.012"/>
  <testcase name="testMatchVarargs()" classname="org.springframework.aop.aspectj.AspectJExpressionPointcutTests" time="0.005"/>
  <testcase name="testMultipleAndSubstitutions()" classname="org.springframework.aop.aspectj.AspectJExpressionPointcutTests" time="0.002"/>
  <testcase name="testMatchExplicit()" classname="org.springframework.aop.aspectj.AspectJExpressionPointcutTests" time="0.003"/>
  <testcase name="testFriendlyErrorOnNoLocationClassMatching()" classname="org.springframework.aop.aspectj.AspectJExpressionPointcutTests" time="0.003"/>
  <testcase name="testThis()" classname="org.springframework.aop.aspectj.AspectJExpressionPointcutTests" time="0.004"/>
  <testcase name="testSimpleAdvice()" classname="org.springframework.aop.aspectj.AspectJExpressionPointcutTests" time="0.037"/>
  <testcase name="testWithUnsupportedPointcutPrimitive()" classname="org.springframework.aop.aspectj.AspectJExpressionPointcutTests" time="0.07"/>
  <testcase name="testMatchAnnotationOnClassWithAtWithin()" classname="org.springframework.aop.aspectj.AspectJExpressionPointcutTests" time="0.01"/>
  <testcase name="testMatchAnnotationOnClassWithoutBinding()" classname="org.springframework.aop.aspectj.AspectJExpressionPointcutTests" time="0.053"/>
  <testcase name="testFriendlyErrorOnNoLocation2ArgMatching()" classname="org.springframework.aop.aspectj.AspectJExpressionPointcutTests" time="0.004"/>
  <testcase name="testMatchWithTypePattern()" classname="org.springframework.aop.aspectj.AspectJExpressionPointcutTests" time="0.007"/>
  <testcase name="testFriendlyErrorOnNoLocation3ArgMatching()" classname="org.springframework.aop.aspectj.AspectJExpressionPointcutTests" time="0.008"/>
  <testcase name="testMatchWithArgs()" classname="org.springframework.aop.aspectj.AspectJExpressionPointcutTests" time="0.017"/>
  <testcase name="testAnnotationOnMethodArgumentsWithWildcards()" classname="org.springframework.aop.aspectj.AspectJExpressionPointcutTests" time="0.011"/>
  <testcase name="testAnnotationOnMethodArgumentsWithFQN()" classname="org.springframework.aop.aspectj.AspectJExpressionPointcutTests" time="0.021"/>
  <testcase name="testMatchGenericArgument()" classname="org.springframework.aop.aspectj.AspectJExpressionPointcutTests" time="0.007"/>
  <testcase name="testWithinRootAndSubpackages()" classname="org.springframework.aop.aspectj.AspectJExpressionPointcutTests" time="0.003"/>
  <testcase name="testWithinRootPackage()" classname="org.springframework.aop.aspectj.AspectJExpressionPointcutTests" time="0.003"/>
  <testcase name="testMatchAnnotationOnClassWithExactPackageWildcard()" classname="org.springframework.aop.aspectj.AspectJExpressionPointcutTests" time="0.009"/>
  <testcase name="testAnnotationOnMethodWithFQN()" classname="org.springframework.aop.aspectj.AspectJExpressionPointcutTests" time="0.005"/>
  <testcase name="testTarget()" classname="org.springframework.aop.aspectj.AspectJExpressionPointcutTests" time="0.006"/>
  <testcase name="testAndSubstitution()" classname="org.springframework.aop.aspectj.AspectJExpressionPointcutTests" time="0.006"/>
  <testcase name="testInvalidExpression()" classname="org.springframework.aop.aspectj.AspectJExpressionPointcutTests" time="0.004"/>
  <testcase name="testDynamicMatchingProxy()" classname="org.springframework.aop.aspectj.AspectJExpressionPointcutTests" time="0.042"/>
  <testcase name="testMatchAnnotationOnClassWithSubpackageWildcard()" classname="org.springframework.aop.aspectj.AspectJExpressionPointcutTests" time="0.03"/>
  <system-out><![CDATA[]]></system-out>
  <system-err><![CDATA[]]></system-err>
</testsuite>
