<?xml version="1.0" encoding="UTF-8"?>
<testsuite name="org.springframework.aop.support.ClassUtilsTests" tests="1" skipped="0" failures="0" errors="0" timestamp="2022-07-19T10:50:55" hostname="PACHIRA_DYH" time="0.001">
  <properties/>
  <testcase name="getShortNameForCglibClass()" classname="org.springframework.aop.support.ClassUtilsTests" time="0.001"/>
  <system-out><![CDATA[]]></system-out>
  <system-err><![CDATA[]]></system-err>
</testsuite>
