<?xml version="1.0" encoding="UTF-8"?>
<testsuite name="org.springframework.aop.interceptor.PerformanceMonitorInterceptorTests" tests="3" skipped="0" failures="0" errors="0" timestamp="2022-07-19T10:50:54" hostname="PACHIRA_DYH" time="0.017">
  <properties/>
  <testcase name="testExceptionPathStillLogsPerformanceMetricsCorrectly()" classname="org.springframework.aop.interceptor.PerformanceMonitorInterceptorTests" time="0.009"/>
  <testcase name="testSuffixAndPrefixAssignment()" classname="org.springframework.aop.interceptor.PerformanceMonitorInterceptorTests" time="0.001"/>
  <testcase name="testSunnyDayPathLogsPerformanceMetricsCorrectly()" classname="org.springframework.aop.interceptor.PerformanceMonitorInterceptorTests" time="0.005"/>
  <system-out><![CDATA[]]></system-out>
  <system-err><![CDATA[]]></system-err>
</testsuite>
