<?xml version="1.0" encoding="UTF-8"?>
<testsuite name="org.springframework.aop.target.ThreadLocalTargetSourceTests" tests="5" skipped="0" failures="0" errors="0" timestamp="2022-07-19T10:50:57" hostname="PACHIRA_DYH" time="0.189">
  <properties/>
  <testcase name="testUseDifferentManagedInstancesInSameThread()" classname="org.springframework.aop.target.ThreadLocalTargetSourceTests" time="0.094"/>
  <testcase name="testNewThreadHasOwnInstance()" classname="org.springframework.aop.target.ThreadLocalTargetSourceTests" time="0.049"/>
  <testcase name="testReuseDestroyedTarget()" classname="org.springframework.aop.target.ThreadLocalTargetSourceTests" time="0.011"/>
  <testcase name="testReuseInSameThread()" classname="org.springframework.aop.target.ThreadLocalTargetSourceTests" time="0.01"/>
  <testcase name="testCanGetStatsViaMixin()" classname="org.springframework.aop.target.ThreadLocalTargetSourceTests" time="0.022"/>
  <system-out><![CDATA[]]></system-out>
  <system-err><![CDATA[]]></system-err>
</testsuite>
