<?xml version="1.0" encoding="UTF-8"?>
<testsuite name="org.springframework.aop.framework.ProxyFactoryTests" tests="15" skipped="1" failures="0" errors="0" timestamp="2022-07-19T10:50:51" hostname="PACHIRA_DYH" time="0.215">
  <properties/>
  <testcase name="testReplaceAdvisor()" classname="org.springframework.aop.framework.ProxyFactoryTests" time="0.007"/>
  <testcase name="testProxyTargetClassWithInterfaceAsTarget()" classname="org.springframework.aop.framework.ProxyFactoryTests" time="0.008"/>
  <testcase name="testExclusionOfNonPublicInterfaces()" classname="org.springframework.aop.framework.ProxyFactoryTests" time="0.0">
    <skipped/>
  </testcase>
  <testcase name="testInterceptorInclusionMethods()" classname="org.springframework.aop.framework.ProxyFactoryTests" time="0.002"/>
  <testcase name="testCanAddAndRemoveAspectInterfacesOnSingleton()" classname="org.springframework.aop.framework.ProxyFactoryTests" time="0.024"/>
  <testcase name="testRemoveAdvisorByReference()" classname="org.springframework.aop.framework.ProxyFactoryTests" time="0.001"/>
  <testcase name="testInterceptorWithoutJoinpoint()" classname="org.springframework.aop.framework.ProxyFactoryTests" time="0.001"/>
  <testcase name="testGetsAllInterfaces()" classname="org.springframework.aop.framework.ProxyFactoryTests" time="0.026"/>
  <testcase name="testIndexOfMethods()" classname="org.springframework.aop.framework.ProxyFactoryTests" time="0.001"/>
  <testcase name="testRemoveAdvisorByIndex()" classname="org.springframework.aop.framework.ProxyFactoryTests" time="0.002"/>
  <testcase name="testSealedInterfaceExclusion()" classname="org.springframework.aop.framework.ProxyFactoryTests" time="0.006"/>
  <testcase name="testProxyTargetClassWithConcreteClassAsTarget()" classname="org.springframework.aop.framework.ProxyFactoryTests" time="0.067"/>
  <testcase name="testInterfaceProxiesCanBeOrderedThroughAnnotations()" classname="org.springframework.aop.framework.ProxyFactoryTests" time="0.006"/>
  <testcase name="testTargetClassProxiesCanBeOrderedThroughAnnotations()" classname="org.springframework.aop.framework.ProxyFactoryTests" time="0.015"/>
  <testcase name="testAddRepeatedInterface()" classname="org.springframework.aop.framework.ProxyFactoryTests" time="0.041"/>
  <system-out><![CDATA[]]></system-out>
  <system-err><![CDATA[]]></system-err>
</testsuite>
